MPASM  5.51                         LAB7D.ASM   7-20-2015  21:20:47         PAGE  1


LOC  OBJECT CODE     LINE SOURCE TEXT
  VALUE

                      00001 ; MPLab Tutorial Lab
                      00002 ; Modified by Jonathan Monreal
                      00003 
                      00004 
                      00005         list      p=16F84A            ; list directive to define processor
                      00006         #include <p16F84A.inc>        ; processor specific variable definitions
                      00001         LIST
                      00002 
                      00003 ;==========================================================================
                      00004 ;  MPASM PIC16F84A processor include
                      00005 ; 
                      00006 ;  (c) Copyright 1999-2013 Microchip Technology, All rights reserved
                      00007 ;==========================================================================
                      00008 
                      00208         LIST
                      00007 
2007   3FF3           00008         __CONFIG   _CP_OFF & _WDT_OFF & _PWRTE_ON & _RC_OSC
                      00009 
                      00010 ; '__CONFIG' directive is used to embed configuration data within .asm file.
                      00011 ; The lables following the directive are located in the respective .inc file.
                      00012 ; See respective data sheet for additional information on configuration word.
                      00013 
                      00014 ; Macros
                      00015 
                      00016 movlf macro l,r
                      00017         movlw l
                      00018         movwf r
                      00019           endm
                      00020 
                      00021 xor macro l,r
                      00022         movlw 1
                      00023         xorwf r,f
                      00024           endm
                      00025 
                      00026 andlf macro l,r
                      00027         movlw l
                      00028         andwf r,f
                      00029           endm
                      00030 
                      00031 mov macro r1,r2
                      00032         movf r1,w
                      00033         movwf r2
                      00034           endm
                      00035 
                      00036 
                      00037 
                      00038 ;***** VARIABLE DEFINITIONS
  0000000C            00039 w_temp        EQU     0x0C        ; variable used for context saving 
  0000000D            00040 status_temp   EQU     0x0D        ; variable used for context saving
  0000000E            00041 result            EQU     0x0E            ; variable used to store the result
  0000000F            00042 num_add           EQU     0x0F            ; used to store the number of times to add
  00000010            00043 num_sub           EQU     0x10            ; used to store the number of times to subtract
  00000011            00044 add_const         EQU     0x11            ; used to store the constant to add
MPASM  5.51                         LAB7D.ASM   7-20-2015  21:20:47         PAGE  2


LOC  OBJECT CODE     LINE SOURCE TEXT
  VALUE

  00000012            00045 sub_const         EQU     0x12            ; used to store the constant to subtract
                      00046 
                      00047 
                      00048 
                      00049 
                      00050 
                      00051 
                      00052 
                      00053 ;**********************************************************************
                      00054                 ORG     0x000             ; processor reset vector
0000   2???           00055                 goto    main              ; go to beginning of program
                      00056 
                      00057 
                      00058                 ORG     0x004             ; interrupt vector location
0004   008C           00059                 movwf   w_temp            ; save off current W register contents
0005   0803           00060                 movf    STATUS,w          ; move status register into W register
0006   008D           00061                 movwf   status_temp       ; save off contents of STATUS register
                      00062 
                      00063 
                      00064 ; isr code can go here or be located as a call subroutine elsewhere
                      00065 
                      00066 
0007   080D           00067                 movf    status_temp,w     ; retrieve copy of STATUS register
0008   0083           00068                 movwf   STATUS            ; restore pre-isr STATUS register contents
0009   0E8C           00069                 swapf   w_temp,f
000A   0E0C           00070                 swapf   w_temp,w          ; restore pre-isr W register contents
000B   0009           00071                 retfie                    ; return from interrupt
                      00072 
                      00073 
                      00074 ; Jonathan Monreal
                      00075 
000C                  00076 main:
000C   1683           00077         bsf STATUS,RP0
Message[302]: Register in operand not in bank 0.  Ensure that bank bits are correct.
000D   0186           00078         clrf TRISB
000E   1283           00079         bcf STATUS,RP0
                      00080 
000F   018E           00081         clrf result
                      00082         movlf d'10',num_add
0010   300A               M         movlw d'10'
0011   008F               M         movwf num_add
                      00083         movlf 4,num_sub
0012   3004               M         movlw 4
0013   0090               M         movwf num_sub
                      00084         
                      00085         mov PORTB,add_const
0014   0806               M         movf PORTB,w
0015   0091               M         movwf add_const
                      00086         andlf b'00001111',add_const
0016   300F               M         movlw b'00001111'
0017   0591               M         andwf add_const,f
                      00087 
                      00088         mov PORTB,sub_const
MPASM  5.51                         LAB7D.ASM   7-20-2015  21:20:47         PAGE  3


LOC  OBJECT CODE     LINE SOURCE TEXT
  VALUE

0018   0806               M         movf PORTB,w
0019   0092               M         movwf sub_const
001A   0E92           00089         swapf sub_const,f
                      00090         andlf b'00001111',sub_const
001B   300F               M         movlw b'00001111'
001C   0592               M         andwf sub_const,f
                      00091 
001D   0811           00092         movf add_const,w                ; move the add_const to w
                      00093 
001E                  00094 add:
001E   078E           00095         addwf result,f                  ; increment the result
Message[305]: Using default destination of 1 (file).
001F   0B8F           00096         decfsz num_add                  ; decrement the num_add counter
0020   2???           00097         goto add                                ; while the counter > 0, loop
                      00098 
0021   0812           00099         movf sub_const,w                ; move the sub_cont to w
                      00100 
0022                  00101 sub:
0022   028E           00102         subwf result,f                  ; subtract 3 from the result
Message[305]: Using default destination of 1 (file).
0023   0B90           00103         decfsz num_sub                  ; decrement the num_sub counter
0024   2???           00104         goto sub                                ; while the counter > 0, loop
                      00105 
0025                  00106 xor_step:
                      00107         xor 1,result                    ; xor the result with 1
0025   3001               M         movlw 1
0026   068E               M         xorwf result,f
                      00108 
0027                  00109 fin:
0027   2???           00110         goto fin                                ; loop
                      00111 
                      00112 
3FF3                  00113                 END                     ; directive 'end of program'
MPASM  5.51                         LAB7D.ASM   7-20-2015  21:20:47         PAGE  4


SYMBOL TABLE
  LABEL                             VALUE 

C                                 00000000
DC                                00000001
EEADR                             00000009
EECON1                            00000088
EECON2                            00000089
EEDATA                            00000008
EEIE                              00000006
EEIF                              00000004
F                                 00000001
FSR                               00000004
GIE                               00000007
INDF                              00000000
INTCON                            0000000B
INTE                              00000004
INTEDG                            00000006
INTF                              00000001
IRP                               00000007
NOT_PD                            00000003
NOT_RBPU                          00000007
NOT_TO                            00000004
OPTION_REG                        00000081
PCL                               00000002
PCLATH                            0000000A
PORTA                             00000005
PORTB                             00000006
PS0                               00000000
PS1                               00000001
PS2                               00000002
PSA                               00000003
RA0                               00000000
RA1                               00000001
RA2                               00000002
RA3                               00000003
RA4                               00000004
RB0                               00000000
RB1                               00000001
RB2                               00000002
RB3                               00000003
RB4                               00000004
RB5                               00000005
RB6                               00000006
RB7                               00000007
RBIE                              00000003
RBIF                              00000000
RD                                00000000
RP0                               00000005
RP1                               00000006
STATUS                            00000003
T0CS                              00000005
T0IE                              00000005
T0IF                              00000002
T0SE                              00000004
TMR0                              00000001
MPASM  5.51                         LAB7D.ASM   7-20-2015  21:20:47         PAGE  5


SYMBOL TABLE
  LABEL                             VALUE 

TMR0IE                            00000005
TMR0IF                            00000002
TRISA                             00000085
TRISA0                            00000000
TRISA1                            00000001
TRISA2                            00000002
TRISA3                            00000003
TRISA4                            00000004
TRISB                             00000086
TRISB0                            00000000
TRISB1                            00000001
TRISB2                            00000002
TRISB3                            00000003
TRISB4                            00000004
TRISB5                            00000005
TRISB6                            00000006
TRISB7                            00000007
W                                 00000000
WR                                00000001
WREN                              00000002
WRERR                             00000003
Z                                 00000002
_CONFIG                           00002007
_CP_OFF                           00003FFF
_CP_ON                            0000000F
_DEVID1                           00002006
_FOSC_EXTRC                       00003FFF
_FOSC_HS                          00003FFE
_FOSC_LP                          00003FFC
_FOSC_XT                          00003FFD
_HS_OSC                           00003FFE
_IDLOC0                           00002000
_IDLOC1                           00002001
_IDLOC2                           00002002
_IDLOC3                           00002003
_LP_OSC                           00003FFC
_PWRTE_OFF                        00003FFF
_PWRTE_ON                         00003FF7
_RC_OSC                           00003FFF
_WDTE_OFF                         00003FFB
_WDTE_ON                          00003FFF
_WDT_OFF                          00003FFB
_WDT_ON                           00003FFF
_XT_OSC                           00003FFD
__16F84A                          00000001
__DEBUG                           1
add                               0000001E
add_const                         00000011
andlf                             
fin                               00000027
main                              0000000C
mov                               
movlf                             
MPASM  5.51                         LAB7D.ASM   7-20-2015  21:20:47         PAGE  6


SYMBOL TABLE
  LABEL                             VALUE 

num_add                           0000000F
num_sub                           00000010
result                            0000000E
status_temp                       0000000D
sub                               00000022
sub_const                         00000012
w_temp                            0000000C
xor                               
xor_step                          00000025

Errors   :     0
Warnings :     0 reported,     0 suppressed
Messages :     3 reported,     0 suppressed

